<?xml version="1.0" encoding="UTF-8"?>
<!-- Generated by org.testng.reporters.JUnitReportReporter -->
<testsuite hostname="DESKTOP-KE2NFQC" failures="0" tests="1" name="books.TC_DWS_005_Test" time="8.100" errors="0" timestamp="2024-11-20T15:03:44 IST" skipped="0">
  <testcase classname="books.TC_DWS_005_Test" name="clickOnBooks" time="8.100"/>
  <system-out/>
</testsuite> <!-- books.TC_DWS_005_Test -->
